This file contains any messages produced by compilers while
running configure, to aid debugging if configure makes a mistake.

It was created by PCem configure v17+st-2, which was
generated by GNU Autoconf 2.71.  Invocation command line was

  $ ./configure --enable-release-build

## --------- ##
## Platform. ##
## --------- ##

hostname = DESKTOP-4CQPH29
uname -m = x86_64
uname -r = 5.15.123.1-microsoft-standard-WSL2
uname -s = Linux
uname -v = #1 SMP Mon Aug 7 19:01:48 UTC 2023

/usr/bin/uname -p = x86_64
/bin/uname -X     = unknown

/bin/arch              = x86_64
/usr/bin/arch -k       = unknown
/usr/convex/getsysinfo = unknown
/usr/bin/hostinfo      = unknown
/bin/machine           = unknown
/usr/bin/oslevel       = unknown
/bin/universe          = unknown

PATH: /home/randomno/.local/bin/
PATH: /home/randomno/.cargo/bin/
PATH: /usr/local/sbin/
PATH: /usr/local/bin/
PATH: /usr/sbin/
PATH: /usr/bin/
PATH: /sbin/
PATH: /bin/
PATH: /usr/games/
PATH: /usr/local/games/
PATH: /usr/lib/wsl/lib/
PATH: /mnt/c/Program Files/Amazon Corretto/jdk17.0.11_9/bin/
PATH: /mnt/c/Program Files (x86)/Common Files/Oracle/Java/javapath/
PATH: /mnt/c/Python311/Scripts/
PATH: /mnt/c/Python311/
PATH: /mnt/c/Python310/Scripts/
PATH: /mnt/c/Python310/
PATH: /mnt/c/Program Files (x86)/Razer Chroma SDK/bin/
PATH: /mnt/c/Program Files/Razer Chroma SDK/bin/
PATH: /mnt/c/Program Files (x86)/Razer/ChromaBroadcast/bin/
PATH: /mnt/c/Program Files/Razer/ChromaBroadcast/bin/
PATH: /mnt/c/Windows/system32/
PATH: /mnt/c/Windows/
PATH: /mnt/c/Windows/System32/Wbem/
PATH: /mnt/c/Windows/System32/WindowsPowerShell/v1.0/
PATH: /mnt/c/Windows/System32/OpenSSH/
PATH: /mnt/c/Program Files (x86)/NVIDIA Corporation/PhysX/Common/
PATH: /mnt/c/Program Files/Git/cmd/
PATH: /mnt/c/Program Files/dotnet/
PATH: /mnt/c/Windows/system32/config/systemprofile/AppData/Local/Microsoft/WindowsApps/
PATH: /mnt/c/Program Files/Microsoft SQL Server/130/Tools/Binn/
PATH: /mnt/c/Program Files/Microsoft SQL Server/Client SDK/ODBC/170/Tools/Binn/
PATH: /mnt/c/Program Files/Docker/Docker/resources/bin/
PATH: /mnt/c/ProgramData/DockerDesktop/version-bin/
PATH: /mnt/c/ProgramData/chocolatey/bin/
PATH: /mnt/c/Program Files/nodejs/
PATH: /mnt/c/WINDOWS/system32/
PATH: /mnt/c/WINDOWS/
PATH: /mnt/c/WINDOWS/System32/Wbem/
PATH: /mnt/c/WINDOWS/System32/WindowsPowerShell/v1.0/
PATH: /mnt/c/WINDOWS/System32/OpenSSH/
PATH: /mnt/c/HaxeToolkit/haxe/
PATH: /mnt/c/HaxeToolkit/neko/
PATH: /mnt/c/Program Files/NASM/
PATH: /mnt/c/Program Files/Microsoft SQL Server/150/Tools/Binn/
PATH: /mnt/c/Users/User/Downloads/ffmpeg-6.0-essentials_build/ffmpeg-6.0-essentials_build/bin/
PATH: /mnt/c/Program Files/Wiimm/WIT/
PATH: /mnt/c/Program Files/PuTTY/
PATH: /mnt/c/Users/User/.dnx/bin/
PATH: /mnt/c/Program Files/Microsoft DNX/Dnvm/
PATH: /mnt/c/Program Files/Microsoft SQL Server/110/Tools/Binn/
PATH: /mnt/c/Program Files (x86)/Microsoft SDKs/TypeScript/1.0/
PATH: /mnt/c/Program Files (x86)/Windows Kits/10/Windows Performance Toolkit/
PATH: /mnt/c/Program Files/TortoiseSVN/bin/
PATH: /mnt/c/Program Files (x86)/Microsoft SQL Server/90/Tools/binn/
PATH: /mnt/c/Program Files/CMake/bin/
PATH: /mnt/c/Ruby33-x64/bin/
PATH: /mnt/c/Users/User/AppData/Local/Programs/Python/Python38-32/Scripts/
PATH: /mnt/c/Users/User/AppData/Local/Programs/Python/Python38-32/
PATH: /mnt/c/Users/User/AppData/Local/Microsoft/WindowsApps/
PATH: /mnt/c/WinNMP/bin/
PATH: /mnt/c/Users/User/.dotnet/tools/
PATH: /mnt/c/Users/User/AppData/Roaming/npm/
PATH: /mnt/c/Users/User/AppData/Local/Programs/Microsoft VS Code/bin/
PATH: /mnt/c/cc65/bin/
PATH: /mnt/c/Users/User/AppData/Local/GitHubDesktop/bin/
PATH: /mnt/c/Users/User/Downloads/nwjs-v0.87.0-win-x64/nwjs-v0.87.0-win-x64/
PATH: /mnt/c/Program Files/Wiimm/WIT/
PATH: /mnt/c/msys64/usr/bin/
PATH: /mnt/c/msys64/mingw64/bin/
PATH: /mnt/c/Program Files/Microsoft Visual Studio/2022/Community/MSBuild/Current/Bin/
PATH: /snap/bin/


## ----------- ##
## Core tests. ##
## ----------- ##

configure:2555: looking for aux files: compile missing install-sh config.guess config.sub
configure:2568:  trying ./
configure:2597:   ./compile found
configure:2597:   ./missing found
configure:2579:   ./install-sh found
configure:2597:   ./config.guess found
configure:2597:   ./config.sub found
configure:2716: checking build system type
configure:2731: result: x86_64-pc-linux-gnu
configure:2751: checking host system type
configure:2765: result: x86_64-pc-linux-gnu
configure:2803: checking for a BSD-compatible install
configure:2876: result: /usr/bin/install -c
configure:2887: checking whether build environment is sane
configure:2942: result: yes
configure:3101: checking for a race-free mkdir -p
configure:3145: result: /usr/bin/mkdir -p
configure:3152: checking for gawk
configure:3173: found /usr/bin/gawk
configure:3184: result: gawk
configure:3195: checking whether make sets $(MAKE)
configure:3218: result: yes
configure:3248: checking whether make supports nested variables
configure:3266: result: yes
configure:3464: checking for gcc
configure:3485: found /usr/bin/gcc
configure:3496: result: gcc
configure:3849: checking for C compiler version
configure:3858: gcc --version >&5
gcc (Ubuntu 11.4.0-1ubuntu1~22.04) 11.4.0
Copyright (C) 2021 Free Software Foundation, Inc.
This is free software; see the source for copying conditions.  There is NO
warranty; not even for MERCHANTABILITY or FITNESS FOR A PARTICULAR PURPOSE.

configure:3869: $? = 0
configure:3858: gcc -v >&5
Using built-in specs.
COLLECT_GCC=gcc
COLLECT_LTO_WRAPPER=/usr/lib/gcc/x86_64-linux-gnu/11/lto-wrapper
OFFLOAD_TARGET_NAMES=nvptx-none:amdgcn-amdhsa
OFFLOAD_TARGET_DEFAULT=1
Target: x86_64-linux-gnu
Configured with: ../src/configure -v --with-pkgversion='Ubuntu 11.4.0-1ubuntu1~22.04' --with-bugurl=file:///usr/share/doc/gcc-11/README.Bugs --enable-languages=c,ada,c++,go,brig,d,fortran,objc,obj-c++,m2 --prefix=/usr --with-gcc-major-version-only --program-suffix=-11 --program-prefix=x86_64-linux-gnu- --enable-shared --enable-linker-build-id --libexecdir=/usr/lib --without-included-gettext --enable-threads=posix --libdir=/usr/lib --enable-nls --enable-bootstrap --enable-clocale=gnu --enable-libstdcxx-debug --enable-libstdcxx-time=yes --with-default-libstdcxx-abi=new --enable-gnu-unique-object --disable-vtable-verify --enable-plugin --enable-default-pie --with-system-zlib --enable-libphobos-checking=release --with-target-system-zlib=auto --enable-objc-gc=auto --enable-multiarch --disable-werror --enable-cet --with-arch-32=i686 --with-abi=m64 --with-multilib-list=m32,m64,mx32 --enable-multilib --with-tune=generic --enable-offload-targets=nvptx-none=/build/gcc-11-XeT9lY/gcc-11-11.4.0/debian/tmp-nvptx/usr,amdgcn-amdhsa=/build/gcc-11-XeT9lY/gcc-11-11.4.0/debian/tmp-gcn/usr --without-cuda-driver --enable-checking=release --build=x86_64-linux-gnu --host=x86_64-linux-gnu --target=x86_64-linux-gnu --with-build-config=bootstrap-lto-lean --enable-link-serialization=2
Thread model: posix
Supported LTO compression algorithms: zlib zstd
gcc version 11.4.0 (Ubuntu 11.4.0-1ubuntu1~22.04) 
... rest of stderr output deleted ...
configure:3869: $? = 0
configure:3858: gcc -V >&5
gcc: error: unrecognized command-line option '-V'
gcc: fatal error: no input files
compilation terminated.
configure:3869: $? = 1
configure:3858: gcc -qversion >&5
gcc: error: unrecognized command-line option '-qversion'; did you mean '--version'?
gcc: fatal error: no input files
compilation terminated.
configure:3869: $? = 1
configure:3858: gcc -version >&5
gcc: error: unrecognized command-line option '-version'
gcc: fatal error: no input files
compilation terminated.
configure:3869: $? = 1
configure:3889: checking whether the C compiler works
configure:3911: gcc    conftest.c  >&5
configure:3915: $? = 0
configure:3965: result: yes
configure:3968: checking for C compiler default output file name
configure:3970: result: a.out
configure:3976: checking for suffix of executables
configure:3983: gcc -o conftest    conftest.c  >&5
configure:3987: $? = 0
configure:4010: result: 
configure:4032: checking whether we are cross compiling
configure:4040: gcc -o conftest    conftest.c  >&5
configure:4044: $? = 0
configure:4051: ./conftest
configure:4055: $? = 0
configure:4070: result: no
configure:4075: checking for suffix of object files
configure:4098: gcc -c   conftest.c >&5
configure:4102: $? = 0
configure:4124: result: o
configure:4128: checking whether the compiler supports GNU C
configure:4148: gcc -c   conftest.c >&5
configure:4148: $? = 0
configure:4158: result: yes
configure:4169: checking whether gcc accepts -g
configure:4190: gcc -c -g  conftest.c >&5
configure:4190: $? = 0
configure:4234: result: yes
configure:4254: checking for gcc option to enable C11 features
configure:4269: gcc  -c -g -O2  conftest.c >&5
configure:4269: $? = 0
configure:4287: result: none needed
configure:4403: checking whether gcc understands -c and -o together
configure:4426: gcc -c conftest.c -o conftest2.o
configure:4429: $? = 0
configure:4426: gcc -c conftest.c -o conftest2.o
configure:4429: $? = 0
configure:4441: result: yes
configure:4461: checking whether make supports the include directive
configure:4476: make -f confmf.GNU && cat confinc.out
this is the am__doit target
configure:4479: $? = 0
configure:4498: result: yes (GNU style)
configure:4524: checking dependency style of gcc
configure:4636: result: gcc3
configure:4720: checking for g++
configure:4741: found /usr/bin/g++
configure:4752: result: g++
configure:4779: checking for C++ compiler version
configure:4788: g++ --version >&5
g++ (Ubuntu 11.4.0-1ubuntu1~22.04) 11.4.0
Copyright (C) 2021 Free Software Foundation, Inc.
This is free software; see the source for copying conditions.  There is NO
warranty; not even for MERCHANTABILITY or FITNESS FOR A PARTICULAR PURPOSE.

configure:4799: $? = 0
configure:4788: g++ -v >&5
Using built-in specs.
COLLECT_GCC=g++
COLLECT_LTO_WRAPPER=/usr/lib/gcc/x86_64-linux-gnu/11/lto-wrapper
OFFLOAD_TARGET_NAMES=nvptx-none:amdgcn-amdhsa
OFFLOAD_TARGET_DEFAULT=1
Target: x86_64-linux-gnu
Configured with: ../src/configure -v --with-pkgversion='Ubuntu 11.4.0-1ubuntu1~22.04' --with-bugurl=file:///usr/share/doc/gcc-11/README.Bugs --enable-languages=c,ada,c++,go,brig,d,fortran,objc,obj-c++,m2 --prefix=/usr --with-gcc-major-version-only --program-suffix=-11 --program-prefix=x86_64-linux-gnu- --enable-shared --enable-linker-build-id --libexecdir=/usr/lib --without-included-gettext --enable-threads=posix --libdir=/usr/lib --enable-nls --enable-bootstrap --enable-clocale=gnu --enable-libstdcxx-debug --enable-libstdcxx-time=yes --with-default-libstdcxx-abi=new --enable-gnu-unique-object --disable-vtable-verify --enable-plugin --enable-default-pie --with-system-zlib --enable-libphobos-checking=release --with-target-system-zlib=auto --enable-objc-gc=auto --enable-multiarch --disable-werror --enable-cet --with-arch-32=i686 --with-abi=m64 --with-multilib-list=m32,m64,mx32 --enable-multilib --with-tune=generic --enable-offload-targets=nvptx-none=/build/gcc-11-XeT9lY/gcc-11-11.4.0/debian/tmp-nvptx/usr,amdgcn-amdhsa=/build/gcc-11-XeT9lY/gcc-11-11.4.0/debian/tmp-gcn/usr --without-cuda-driver --enable-checking=release --build=x86_64-linux-gnu --host=x86_64-linux-gnu --target=x86_64-linux-gnu --with-build-config=bootstrap-lto-lean --enable-link-serialization=2
Thread model: posix
Supported LTO compression algorithms: zlib zstd
gcc version 11.4.0 (Ubuntu 11.4.0-1ubuntu1~22.04) 
... rest of stderr output deleted ...
configure:4799: $? = 0
configure:4788: g++ -V >&5
g++: error: unrecognized command-line option '-V'
g++: fatal error: no input files
compilation terminated.
configure:4799: $? = 1
configure:4788: g++ -qversion >&5
g++: error: unrecognized command-line option '-qversion'; did you mean '--version'?
g++: fatal error: no input files
compilation terminated.
configure:4799: $? = 1
configure:4803: checking whether the compiler supports GNU C++
configure:4823: g++ -c   conftest.cpp >&5
configure:4823: $? = 0
configure:4833: result: yes
configure:4844: checking whether g++ accepts -g
configure:4865: g++ -c -g  conftest.cpp >&5
configure:4865: $? = 0
configure:4909: result: yes
configure:4929: checking for g++ option to enable C++11 features
configure:4944: g++  -c -g -O2  conftest.cpp >&5
conftest.cpp: In function 'int main(int, char**)':
conftest.cpp:177:25: warning: empty parentheses were disambiguated as a function declaration [-Wvexing-parse]
  177 |   cxx11test::delegate d2();
      |                         ^~
conftest.cpp:177:25: note: remove parentheses to default-initialize a variable
  177 |   cxx11test::delegate d2();
      |                         ^~
      |                         --
conftest.cpp:177:25: note: or replace parentheses with braces to value-initialize a variable
configure:4944: $? = 0
configure:4962: result: none needed
configure:5028: checking dependency style of g++
configure:5140: result: gcc3
configure:5159: checking whether to build for release
configure:5168: result: yes
configure:5183: checking whether to enable debugging
configure:5199: result: no
configure:5203: checking whether to enable networking
configure:5215: result: no
configure:5219: checking whether to use ALSA for MIDI output
configure:5231: result: no
configure:5235: checking for cpu
configure:5245: result: x86_64
configure:5296: checking for off64_t x86_64
configure:5310: gcc -o conftest -O3 -fcommon   conftest.c  >&5
conftest.c: In function 'main':
conftest.c:15:1: error: unknown type name 'off64_t'; did you mean 'off_t'?
   15 | off64_t n=0;
      | ^~~~~~~
      | off_t
configure:5310: $? = 1
configure: failed program was:
| /* confdefs.h */
| #define PACKAGE_NAME "PCem"
| #define PACKAGE_TARNAME "pcem"
| #define PACKAGE_VERSION "v17+st-2"
| #define PACKAGE_STRING "PCem v17+st-2"
| #define PACKAGE_BUGREPORT "https://github.com/TASEmulators/pcem/issues"
| #define PACKAGE_URL ""
| #define PACKAGE "pcem"
| #define VERSION "v17+st-2"
| /* end confdefs.h.  */
| #include <sys/types.h>
| int
| main (void)
| {
| off64_t n=0;
|   ;
|   return 0;
| }
configure:5323: result: no
configure:5423: checking for pkg-config
configure:5446: found /usr/bin/pkg-config
configure:5458: result: /usr/bin/pkg-config
configure:5483: checking pkg-config is at least version 0.9.0
configure:5486: result: yes
configure:5536: checking for sdl2 >= 2.0.1
configure:5543: $PKG_CONFIG --exists --print-errors "sdl2 >= $min_sdl_version"
configure:5546: $? = 0
configure:5560: $PKG_CONFIG --exists --print-errors "sdl2 >= $min_sdl_version"
configure:5563: $? = 0
configure:5601: result: yes
configure:5929: checking for wx-config
configure:5953: found /usr/bin/wx-config
configure:5966: result: /usr/bin/wx-config
configure:5981: checking for wxWidgets version >= 3.0.0
configure:6027: result: yes (version 3.0.5)
configure:6031: checking for wxWidgets static library
configure:6035: result: no
configure:6229: checking for pthread_create in -lpthread
configure:6252: gcc -o conftest -O3 -fcommon   conftest.c -lpthread   >&5
configure:6252: $? = 0
configure:6262: result: yes
configure:6381: checking for glGetError in -lGL
configure:6404: gcc -o conftest -O3 -fcommon   conftest.c -lGL  -lpthread  >&5
configure:6404: $? = 0
configure:6414: result: yes
configure:6428: checking for alGetError in -lopenal
configure:6451: gcc -o conftest -O3 -fcommon   conftest.c -lopenal  -lGL -lpthread  >&5
configure:6451: $? = 0
configure:6461: result: yes
configure:6850: checking that generated files are newer than configure
configure:6856: result: done
configure:6935: creating ./config.status

## ---------------------- ##
## Running config.status. ##
## ---------------------- ##

This file was extended by PCem config.status v17+st-2, which was
generated by GNU Autoconf 2.71.  Invocation command line was

  CONFIG_FILES    = 
  CONFIG_HEADERS  = 
  CONFIG_LINKS    = 
  CONFIG_COMMANDS = 
  $ ./config.status 

on DESKTOP-4CQPH29

config.status:833: creating Makefile
config.status:833: creating src/Makefile
config.status:1005: executing depfiles commands
config.status:1082: cd src       && sed -e '/# am--include-marker/d' Makefile         | make -f - am--depfiles
make: Nothing to be done for 'am--depfiles'.
config.status:1087: $? = 0

## ---------------- ##
## Cache variables. ##
## ---------------- ##

ac_cv_build=x86_64-pc-linux-gnu
ac_cv_c_compiler_gnu=yes
ac_cv_cxx_compiler_gnu=yes
ac_cv_env_CCC_set=
ac_cv_env_CCC_value=
ac_cv_env_CC_set=
ac_cv_env_CC_value=
ac_cv_env_CFLAGS_set=
ac_cv_env_CFLAGS_value=
ac_cv_env_CPPFLAGS_set=
ac_cv_env_CPPFLAGS_value=
ac_cv_env_CXXFLAGS_set=
ac_cv_env_CXXFLAGS_value=
ac_cv_env_CXX_set=
ac_cv_env_CXX_value=
ac_cv_env_LDFLAGS_set=
ac_cv_env_LDFLAGS_value=
ac_cv_env_LIBS_set=
ac_cv_env_LIBS_value=
ac_cv_env_PKG_CONFIG_LIBDIR_set=
ac_cv_env_PKG_CONFIG_LIBDIR_value=
ac_cv_env_PKG_CONFIG_PATH_set=
ac_cv_env_PKG_CONFIG_PATH_value=
ac_cv_env_PKG_CONFIG_set=
ac_cv_env_PKG_CONFIG_value=
ac_cv_env_SDL2_FRAMEWORK_set=
ac_cv_env_SDL2_FRAMEWORK_value=
ac_cv_env_SDL_CFLAGS_set=
ac_cv_env_SDL_CFLAGS_value=
ac_cv_env_SDL_LIBS_set=
ac_cv_env_SDL_LIBS_value=
ac_cv_env_build_alias_set=
ac_cv_env_build_alias_value=
ac_cv_env_host_alias_set=
ac_cv_env_host_alias_value=
ac_cv_env_target_alias_set=
ac_cv_env_target_alias_value=
ac_cv_host=x86_64-pc-linux-gnu
ac_cv_lib_GL_glGetError=yes
ac_cv_lib_openal_alGetError=yes
ac_cv_lib_pthread_pthread_create=yes
ac_cv_objext=o
ac_cv_path_WX_CONFIG_PATH=/usr/bin/wx-config
ac_cv_path_ac_pt_PKG_CONFIG=/usr/bin/pkg-config
ac_cv_path_install='/usr/bin/install -c'
ac_cv_path_mkdir=/usr/bin/mkdir
ac_cv_prog_AWK=gawk
ac_cv_prog_ac_ct_CC=gcc
ac_cv_prog_ac_ct_CXX=g++
ac_cv_prog_cc_c11=
ac_cv_prog_cc_g=yes
ac_cv_prog_cc_stdc=
ac_cv_prog_cxx_11=no
ac_cv_prog_cxx_cxx11=
ac_cv_prog_cxx_g=yes
ac_cv_prog_cxx_stdcxx=
ac_cv_prog_make_make_set=yes
am_cv_CC_dependencies_compiler_type=gcc3
am_cv_CXX_dependencies_compiler_type=gcc3
am_cv_make_support_nested_variables=yes
am_cv_prog_cc_c_o=yes
pkg_cv_SDL_CFLAGS='-D_REENTRANT -I/usr/include/SDL2'
pkg_cv_SDL_LIBS=-lSDL2

## ----------------- ##
## Output variables. ##
## ----------------- ##

ACLOCAL='${SHELL} '\''/mnt/c/Users/User/Documents/GitHub/pcem/missing'\'' aclocal-1.16'
AMDEPBACKSLASH='\'
AMDEP_FALSE='#'
AMDEP_TRUE=''
AMTAR='$${TAR-tar}'
AM_BACKSLASH='\'
AM_DEFAULT_V='$(AM_DEFAULT_VERBOSITY)'
AM_DEFAULT_VERBOSITY='1'
AM_V='$(V)'
AUTOCONF='${SHELL} '\''/mnt/c/Users/User/Documents/GitHub/pcem/missing'\'' autoconf'
AUTOHEADER='${SHELL} '\''/mnt/c/Users/User/Documents/GitHub/pcem/missing'\'' autoheader'
AUTOMAKE='${SHELL} '\''/mnt/c/Users/User/Documents/GitHub/pcem/missing'\'' automake-1.16'
AWK='gawk'
CC='gcc'
CCDEPMODE='depmode=gcc3'
CFLAGS='-O3 -fcommon'
CPPFLAGS=''
CPU_ARM64_FALSE=''
CPU_ARM64_TRUE='#'
CPU_ARM_FALSE=''
CPU_ARM_TRUE='#'
CPU_I386_FALSE=''
CPU_I386_TRUE='#'
CPU_X86_64_FALSE='#'
CPU_X86_64_TRUE=''
CSCOPE='cscope'
CTAGS='ctags'
CXX='g++'
CXXDEPMODE='depmode=gcc3'
CXXFLAGS='-O3 -fcommon'
CYGPATH_W='echo'
DEFS='-DPACKAGE_NAME=\"PCem\" -DPACKAGE_TARNAME=\"pcem\" -DPACKAGE_VERSION=\"v17+st-2\" -DPACKAGE_STRING=\"PCem\ v17+st-2\" -DPACKAGE_BUGREPORT=\"https://github.com/TASEmulators/pcem/issues\" -DPACKAGE_URL=\"\" -DPACKAGE=\"pcem\" -DVERSION=\"v17+st-2\" -DHAVE_LIBPTHREAD=1 -DHAVE_LIBGL=1 -DHAVE_LIBOPENAL=1'
DEPDIR='.deps'
ECHO_C=''
ECHO_N='-n'
ECHO_T=''
ETAGS='etags'
EXEEXT=''
HAS_OFF64T_FALSE=''
HAS_OFF64T_TRUE='#'
INSTALL_DATA='${INSTALL} -m 644'
INSTALL_PROGRAM='${INSTALL}'
INSTALL_SCRIPT='${INSTALL}'
INSTALL_STRIP_PROGRAM='$(install_sh) -c -s'
LDFLAGS=''
LIBOBJS=''
LIBS='-lopenal -lGL -lpthread  -L/usr/lib/x86_64-linux-gnu -pthread   -lwx_gtk3u_xrc-3.0 -lwx_gtk3u_html-3.0 -lwx_gtk3u_qa-3.0 -lwx_gtk3u_adv-3.0 -lwx_gtk3u_core-3.0 -lwx_baseu_xml-3.0 -lwx_baseu_net-3.0 -lwx_baseu-3.0  -lSDL2'
LTLIBOBJS=''
MAKEINFO='${SHELL} '\''/mnt/c/Users/User/Documents/GitHub/pcem/missing'\'' makeinfo'
MKDIR_P='/usr/bin/mkdir -p'
OBJEXT='o'
OS_LINUX_FALSE='#'
OS_LINUX_TRUE=''
OS_MACOSX_FALSE=''
OS_MACOSX_TRUE='#'
OS_OTHER_FALSE=''
OS_OTHER_TRUE='#'
OS_WINDOWS_FALSE=''
OS_WINDOWS_TRUE='#'
PACKAGE='pcem'
PACKAGE_BUGREPORT='https://github.com/TASEmulators/pcem/issues'
PACKAGE_NAME='PCem'
PACKAGE_STRING='PCem v17+st-2'
PACKAGE_TARNAME='pcem'
PACKAGE_URL=''
PACKAGE_VERSION='v17+st-2'
PATH_SEPARATOR=':'
PKG_CONFIG='/usr/bin/pkg-config'
PKG_CONFIG_LIBDIR=''
PKG_CONFIG_PATH=''
RELEASE_BUILD_FALSE='#'
RELEASE_BUILD_TRUE=''
SDL2_CONFIG='pkg-config sdl2'
SDL2_FRAMEWORK=''
SDL_CFLAGS='-D_REENTRANT -I/usr/include/SDL2'
SDL_LIBS='-lSDL2'
SET_MAKE=''
SHELL='/bin/bash'
STRIP=''
USE_ALSA_FALSE=''
USE_ALSA_TRUE='#'
USE_NETWORKING_FALSE=''
USE_NETWORKING_TRUE='#'
USE_WX_FALSE=''
USE_WX_TRUE='#'
VERSION='v17+st-2'
WX_CFLAGS='-I/usr/lib/x86_64-linux-gnu/wx/include/gtk3-unicode-3.0 -I/usr/include/wx-3.0 -D_FILE_OFFSET_BITS=64 -DWXUSINGDLL -D__WXGTK__ -pthread'
WX_CFLAGS_ONLY='-pthread'
WX_CONFIG_PATH='/usr/bin/wx-config'
WX_CPPFLAGS='-I/usr/lib/x86_64-linux-gnu/wx/include/gtk3-unicode-3.0 -I/usr/include/wx-3.0 -D_FILE_OFFSET_BITS=64 -DWXUSINGDLL -D__WXGTK__'
WX_CXXFLAGS='-I/usr/lib/x86_64-linux-gnu/wx/include/gtk3-unicode-3.0 -I/usr/include/wx-3.0 -D_FILE_OFFSET_BITS=64 -DWXUSINGDLL -D__WXGTK__ -pthread'
WX_CXXFLAGS_ONLY=''
WX_LIBS='-L/usr/lib/x86_64-linux-gnu -pthread   -lwx_gtk3u_xrc-3.0 -lwx_gtk3u_html-3.0 -lwx_gtk3u_qa-3.0 -lwx_gtk3u_adv-3.0 -lwx_gtk3u_core-3.0 -lwx_baseu_xml-3.0 -lwx_baseu_net-3.0 -lwx_baseu-3.0 '
WX_LIBS_STATIC=''
WX_RESCOMP=''
WX_VERSION='3.0.5'
WX_VERSION_MAJOR='3'
WX_VERSION_MICRO='5'
WX_VERSION_MINOR='0'
ac_ct_CC='gcc'
ac_ct_CXX='g++'
am__EXEEXT_FALSE=''
am__EXEEXT_TRUE='#'
am__fastdepCC_FALSE='#'
am__fastdepCC_TRUE=''
am__fastdepCXX_FALSE='#'
am__fastdepCXX_TRUE=''
am__include='include'
am__isrc=''
am__leading_dot='.'
am__nodep='_no'
am__quote=''
am__tar='$${TAR-tar} chof - "$$tardir"'
am__untar='$${TAR-tar} xf -'
bindir='${exec_prefix}/bin'
build='x86_64-pc-linux-gnu'
build_alias=''
build_cpu='x86_64'
build_os='linux-gnu'
build_vendor='pc'
datadir='${datarootdir}'
datarootdir='${prefix}/share'
docdir='${datarootdir}/doc/${PACKAGE_TARNAME}'
dvidir='${docdir}'
exec_prefix='${prefix}'
host='x86_64-pc-linux-gnu'
host_alias=''
host_cpu='x86_64'
host_os='linux-gnu'
host_vendor='pc'
htmldir='${docdir}'
includedir='${prefix}/include'
infodir='${datarootdir}/info'
install_sh='${SHELL} /mnt/c/Users/User/Documents/GitHub/pcem/install-sh'
libdir='${exec_prefix}/lib'
libexecdir='${exec_prefix}/libexec'
localedir='${datarootdir}/locale'
localstatedir='${prefix}/var'
mandir='${datarootdir}/man'
mkdir_p='$(MKDIR_P)'
oldincludedir='/usr/include'
pdfdir='${docdir}'
prefix='/usr/local'
program_transform_name='s,x,x,'
psdir='${docdir}'
runstatedir='${localstatedir}/run'
sbindir='${exec_prefix}/sbin'
sharedstatedir='${prefix}/com'
sysconfdir='${prefix}/etc'
target_alias=''

## ----------- ##
## confdefs.h. ##
## ----------- ##

/* confdefs.h */
#define PACKAGE_NAME "PCem"
#define PACKAGE_TARNAME "pcem"
#define PACKAGE_VERSION "v17+st-2"
#define PACKAGE_STRING "PCem v17+st-2"
#define PACKAGE_BUGREPORT "https://github.com/TASEmulators/pcem/issues"
#define PACKAGE_URL ""
#define PACKAGE "pcem"
#define VERSION "v17+st-2"
#define HAVE_LIBPTHREAD 1
#define HAVE_LIBGL 1
#define HAVE_LIBOPENAL 1

configure: exit 0
